2020-12-05 01:07:25.833  INFO 96735 --- [main] c.h.a.c.CustomScannersServiceApplication : Starting CustomScannersServiceApplication on parrot with PID 96735 (/home/nabawi/.vscode/extensions/hcltechnologies.hclappscancodesweep-1.1.2/lib/custom-scanners-service-1.0.9.jar started by nabawi in /home/nabawi/Desktop/github/twitty/Twitty_ASD_C)
2020-12-05 01:07:25.850  INFO 96735 --- [main] c.h.a.c.CustomScannersServiceApplication : No active profile set, falling back to default profiles: default
2020-12-05 01:07:33.024  INFO 96735 --- [main] o.s.b.w.embedded.tomcat.TomcatWebServer  : Tomcat initialized with port(s): 9221 (http)
2020-12-05 01:07:33.084  INFO 96735 --- [main] o.apache.catalina.core.StandardService   : Starting service [Tomcat]
2020-12-05 01:07:33.088  INFO 96735 --- [main] org.apache.catalina.core.StandardEngine  : Starting Servlet engine: [Apache Tomcat/9.0.29]
2020-12-05 01:07:33.397  INFO 96735 --- [main] o.a.c.c.C.[Tomcat].[localhost].[/]       : Initializing Spring embedded WebApplicationContext
2020-12-05 01:07:33.399 DEBUG 96735 --- [main] o.s.web.context.ContextLoader            : Published root WebApplicationContext as ServletContext attribute with name [org.springframework.web.context.WebApplicationContext.ROOT]
2020-12-05 01:07:33.400  INFO 96735 --- [main] o.s.web.context.ContextLoader            : Root WebApplicationContext: initialization completed in 7213 ms
2020-12-05 01:07:34.009 DEBUG 96735 --- [main] o.s.b.w.s.ServletContextInitializerBeans : Mapping filters: filterRegistrationBean urls=[/*] order=-2147483647, characterEncodingFilter urls=[/*] order=-2147483648, formContentFilter urls=[/*] order=-9900, requestContextFilter urls=[/*] order=-105
2020-12-05 01:07:34.010 DEBUG 96735 --- [main] o.s.b.w.s.ServletContextInitializerBeans : Mapping servlets: dispatcherServlet urls=[/]
2020-12-05 01:07:39.690 DEBUG 96735 --- [main] s.w.s.m.m.a.RequestMappingHandlerMapping : 19 mappings in 'requestMappingHandlerMapping'
2020-12-05 01:07:39.967  INFO 96735 --- [main] o.s.b.a.e.web.EndpointLinksResolver      : Exposing 2 endpoint(s) beneath base path '/actuator'
2020-12-05 01:07:40.247  INFO 96735 --- [main] pertySourcedRequestMappingHandlerMapping : Mapped URL path [/v2/api-docs] onto method [springfox.documentation.swagger2.web.Swagger2Controller#getDocumentation(String, HttpServletRequest)]
2020-12-05 01:07:40.708  INFO 96735 --- [main] o.s.s.concurrent.ThreadPoolTaskExecutor  : Initializing ExecutorService 'applicationTaskExecutor'
2020-12-05 01:07:40.871 DEBUG 96735 --- [main] s.w.s.m.m.a.RequestMappingHandlerAdapter : ControllerAdvice beans: 0 @ModelAttribute, 0 @InitBinder, 1 RequestBodyAdvice, 1 ResponseBodyAdvice
2020-12-05 01:07:41.273 DEBUG 96735 --- [main] o.s.w.s.handler.SimpleUrlHandlerMapping  : Patterns [/webjars/**, /**] in 'resourceHandlerMapping'
2020-12-05 01:07:41.296 DEBUG 96735 --- [main] .m.m.a.ExceptionHandlerExceptionResolver : ControllerAdvice beans: 1 @ExceptionHandler, 1 ResponseBodyAdvice
2020-12-05 01:07:41.457  INFO 96735 --- [main] d.s.w.p.DocumentationPluginsBootstrapper : Context refreshed
2020-12-05 01:07:41.529  INFO 96735 --- [main] d.s.w.p.DocumentationPluginsBootstrapper : Found 1 custom documentation plugin(s)
2020-12-05 01:07:41.662  INFO 96735 --- [main] s.d.s.w.s.ApiListingReferenceScanner     : Scanning for api listing references
2020-12-05 01:07:42.957  INFO 96735 --- [main] o.s.b.w.embedded.tomcat.TomcatWebServer  : Tomcat started on port(s): 9221 (http) with context path ''
2020-12-05 01:07:42.974  INFO 96735 --- [main] c.h.a.c.CustomScannersServiceApplication : Started CustomScannersServiceApplication in 20.676 seconds (JVM running for 25.907)
2020-12-05 01:07:43.349  INFO 96735 --- [http-nio-9221-exec-1] o.a.c.c.C.[Tomcat].[localhost].[/]       : Initializing Spring DispatcherServlet 'dispatcherServlet'
2020-12-05 01:07:43.376  INFO 96735 --- [http-nio-9221-exec-1] o.s.web.servlet.DispatcherServlet        : Initializing Servlet 'dispatcherServlet'
2020-12-05 01:07:43.377 DEBUG 96735 --- [http-nio-9221-exec-1] o.s.web.servlet.DispatcherServlet        : Detected StandardServletMultipartResolver
2020-12-05 01:07:43.438 DEBUG 96735 --- [http-nio-9221-exec-1] o.s.web.servlet.DispatcherServlet        : enableLoggingRequestDetails='false': request parameters and headers will be masked to prevent unsafe logging of potentially sensitive data
2020-12-05 01:07:43.443  INFO 96735 --- [http-nio-9221-exec-1] o.s.web.servlet.DispatcherServlet        : Completed initialization in 66 ms
2020-12-05 01:07:43.494 DEBUG 96735 --- [http-nio-9221-exec-1] o.s.web.servlet.DispatcherServlet        : GET "/v1/scanRules", parameters={}
2020-12-05 01:07:43.515 DEBUG 96735 --- [http-nio-9221-exec-1] s.w.s.m.m.a.RequestMappingHandlerMapping : Mapped to com.hcl.appscan.customscannersservice.controller.CustomScannersController#getScanRules(String[])
2020-12-05 01:07:43.590 DEBUG 96735 --- [http-nio-9221-exec-1] o.s.w.s.m.m.a.HttpEntityMethodProcessor  : Using 'application/json', given [application/json] and supported [application/json]
2020-12-05 01:07:43.611 DEBUG 96735 --- [http-nio-9221-exec-1] o.s.w.s.m.m.a.HttpEntityMethodProcessor  : Writing [{Golang={com.ouncelabs.languagelite.golang.rules.WeakCryptoGolang=CustomScannersServiceScanRule{rule (truncated)...]
2020-12-05 01:07:43.744 DEBUG 96735 --- [http-nio-9221-exec-1] o.s.web.servlet.DispatcherServlet        : Completed 200 OK
2020-12-05 01:17:55.782 DEBUG 96735 --- [http-nio-9221-exec-2] o.s.web.servlet.DispatcherServlet        : POST "/v1/scanFile", parameters={masked}
2020-12-05 01:17:55.793 DEBUG 96735 --- [http-nio-9221-exec-2] s.w.s.m.m.a.RequestMappingHandlerMapping : Mapped to com.hcl.appscan.customscannersservice.controller.CustomScannersController#runScanFile(MultipartFile, String, int[])
2020-12-05 01:17:55.961 DEBUG 96735 --- [http-nio-9221-exec-2] .m.m.a.ExceptionHandlerExceptionResolver : Using @ExceptionHandler com.hcl.appscan.customscannersservice.controller.CustomScannersControllerAdvice#handleInvalidArgument(IllegalArgumentException)
2020-12-05 01:17:55.989 DEBUG 96735 --- [http-nio-9221-exec-2] o.s.w.s.m.m.a.HttpEntityMethodProcessor  : Using 'application/json', given [application/json] and supported [application/json, application/*+json, application/json, application/*+json]
2020-12-05 01:17:55.991 DEBUG 96735 --- [http-nio-9221-exec-2] o.s.w.s.m.m.a.HttpEntityMethodProcessor  : Writing [com.hcl.appscan.customscannersservice.controller.CustomScannersControllerAdvice$ErrorMessage@2cefcc3]
2020-12-05 01:17:56.002 DEBUG 96735 --- [http-nio-9221-exec-2] .m.m.a.ExceptionHandlerExceptionResolver : Resolved [java.lang.IllegalArgumentException: The following file extension is not supported: md]
2020-12-05 01:17:56.003 DEBUG 96735 --- [http-nio-9221-exec-2] o.s.web.servlet.DispatcherServlet        : Completed 422 UNPROCESSABLE_ENTITY
